Using pre-set license
Built from '2020.3/staging' branch; Version is '2020.3.32f1 (12f8b0834f07) revision 1243312'; Using compiler version '192528614'; Build Type 'Release'
OS: 'Windows 10  (10.0.19045) 64bit Professional' Language: 'ja' Physical Memory: 32717 MB
BatchMode: 1, IsHumanControllingUs: 0, StartBugReporterOnCrash: 0, Is64bit: 1, IsPro: 0

COMMAND LINE ARGUMENTS:
C:\Program Files\Unity\Hub\Editor\2020.3.32f1\Editor\Unity.exe
-adb2
-batchMode
-noUpm
-name
AssetImportWorker0
-projectPath
C:/Users/user/Project/Unity/ResearchFPS/ResearchFPS
-logFile
Logs/AssetImportWorker0.log
-srvPort
60004
Successfully changed project path to: C:/Users/user/Project/Unity/ResearchFPS/ResearchFPS
C:/Users/user/Project/Unity/ResearchFPS/ResearchFPS
Using Asset Import Pipeline V2.
Refreshing native plugins compatible for Editor in 57.82 ms, found 2 plugins.
Preloading 0 native plugins for Editor in 0.00 ms.
Initialize engine version: 2020.3.32f1 (12f8b0834f07)
[Subsystems] Discovering subsystems at path C:/Program Files/Unity/Hub/Editor/2020.3.32f1/Editor/Data/Resources/UnitySubsystems
[Subsystems] Discovering subsystems at path C:/Users/user/Project/Unity/ResearchFPS/ResearchFPS/Assets
GfxDevice: creating device client; threaded=0
Direct3D:
    Version:  Direct3D 11.0 [level 11.1]
    Renderer: AMD Radeon RX 5700 XT (ID=0x731f)
    Vendor:   
    VRAM:     8151 MB
    Driver:   30.0.15021.11005
Initialize mono
Mono path[0] = 'C:/Program Files/Unity/Hub/Editor/2020.3.32f1/Editor/Data/Managed'
Mono path[1] = 'C:/Program Files/Unity/Hub/Editor/2020.3.32f1/Editor/Data/MonoBleedingEdge/lib/mono/unityjit'
Mono config path = 'C:/Program Files/Unity/Hub/Editor/2020.3.32f1/Editor/Data/MonoBleedingEdge/etc'
Using monoOptions --debugger-agent=transport=dt_socket,embedding=1,server=y,suspend=n,address=127.0.0.1:56548
Begin MonoManager ReloadAssembly
Registering precompiled unity dll's ...
Register platform support module: C:/Program Files/Unity/Hub/Editor/2020.3.32f1/Editor/Data/PlaybackEngines/WebGLSupport/UnityEditor.WebGL.Extensions.dll
Register platform support module: C:/Program Files/Unity/Hub/Editor/2020.3.32f1/Editor/Data/PlaybackEngines/WindowsStandaloneSupport/UnityEditor.WindowsStandalone.Extensions.dll
Registered in 0.002193 seconds.
Native extension for WindowsStandalone target not found
Native extension for WebGL target not found
Refreshing native plugins compatible for Editor in 60.77 ms, found 2 plugins.
Preloading 0 native plugins for Editor in 0.00 ms.
Mono: successfully reloaded assembly
- Completed reload, in  0.506 seconds
Domain Reload Profiling:
	ReloadAssembly (506ms)
		BeginReloadAssembly (54ms)
			ExecutionOrderSort (0ms)
			DisableScriptedObjects (0ms)
			BackupInstance (0ms)
			ReleaseScriptingObjects (0ms)
			CreateAndSetChildDomain (1ms)
		EndReloadAssembly (389ms)
			LoadAssemblies (52ms)
			RebuildTransferFunctionScriptingTraits (0ms)
			SetupTypeCache (121ms)
			ReleaseScriptCaches (0ms)
			RebuildScriptCaches (24ms)
			SetupLoadedEditorAssemblies (160ms)
				LogAssemblyErrors (0ms)
				InitializePlatformSupportModulesInManaged (4ms)
				SetLoadedEditorAssemblies (0ms)
				RefreshPlugins (61ms)
				BeforeProcessingInitializeOnLoad (13ms)
				ProcessInitializeOnLoadAttributes (61ms)
				ProcessInitializeOnLoadMethodAttributes (21ms)
				AfterProcessingInitializeOnLoad (0ms)
				EditorAssembliesLoaded (0ms)
			ExecutionOrderSort2 (0ms)
			AwakeInstancesAfterBackupRestoration (0ms)
Platform modules already initialized, skipping
Registering precompiled user dll's ...
Registered in 0.002672 seconds.
Begin MonoManager ReloadAssembly
Native extension for WindowsStandalone target not found
Native extension for WebGL target not found
Refreshing native plugins compatible for Editor in 0.67 ms, found 2 plugins.
Preloading 0 native plugins for Editor in 0.00 ms.
[ScriptCompilation] NOT recompiling all scripts because this is an import worker process. Reason to compile was: Define symbols changed
Mono: successfully reloaded assembly
- Completed reload, in  1.227 seconds
Domain Reload Profiling:
	ReloadAssembly (1228ms)
		BeginReloadAssembly (124ms)
			ExecutionOrderSort (0ms)
			DisableScriptedObjects (4ms)
			BackupInstance (0ms)
			ReleaseScriptingObjects (0ms)
			CreateAndSetChildDomain (16ms)
		EndReloadAssembly (1051ms)
			LoadAssemblies (77ms)
			RebuildTransferFunctionScriptingTraits (0ms)
			SetupTypeCache (245ms)
			ReleaseScriptCaches (1ms)
			RebuildScriptCaches (66ms)
			SetupLoadedEditorAssemblies (596ms)
				LogAssemblyErrors (0ms)
				InitializePlatformSupportModulesInManaged (4ms)
				SetLoadedEditorAssemblies (0ms)
				RefreshPlugins (1ms)
				BeforeProcessingInitializeOnLoad (70ms)
				ProcessInitializeOnLoadAttributes (178ms)
				ProcessInitializeOnLoadMethodAttributes (336ms)
				AfterProcessingInitializeOnLoad (6ms)
				EditorAssembliesLoaded (0ms)
			ExecutionOrderSort2 (0ms)
			AwakeInstancesAfterBackupRestoration (5ms)
Platform modules already initialized, skipping
========================================================================
Worker process is ready to serve import requests
Launched and connected shader compiler UnityShaderCompiler.exe after 0.04 seconds
Refreshing native plugins compatible for Editor in 0.70 ms, found 2 plugins.
Preloading 0 native plugins for Editor in 0.00 ms.
Unloading 3518 Unused Serialized files (Serialized files now loaded: 0)
System memory in use before: 195.5 MB.
System memory in use after: 191.1 MB.

Unloading 16015 unused Assets to reduce memory usage. Loaded Objects now: 3429.
Total: 11.314600 ms (FindLiveObjects: 1.147200 ms CreateObjectMapping: 0.468300 ms MarkObjects: 2.549200 ms  DeleteObjects: 7.148900 ms)

AssetImportParameters requested are different than current active one (requested -> active):
  colorSpace: 1 -> 0
  custom:framework-win-MediaFoundation: 216162199b28c13a410421893ffa2e32 -> 
  custom:video-decoder-ogg-theora: a1e56fd34408186e4bbccfd4996cb3dc -> 
  custom:container-muxer-webm: aa71ff27fc2769a1b78a27578f13a17b -> 
  custom:container-demuxer-webm: 4f35f7cbe854078d1ac9338744f61a02 -> 
  custom:container-demuxer-ogg: 62fdf1f143b41e24485cea50d1cbac27 -> 
  custom:video-encoder-webm-vp8: eb34c28f22e8b96e1ab97ce403110664 -> 
  custom:video-decoder-webm-vp8: 9c59270c3fd7afecdb556c50c9e8de78 -> 
  custom:audio-decoder-ogg-vorbis: bf7c407c2cedff20999df2af8eb42d56 -> 
  custom:audio-encoder-webm-vorbis: bf7c407c2cedff20999df2af8eb42d56 -> 
========================================================================
Received Import Request.
  path: Assets/NeoFPS
  artifactKey: Guid(08d02cecd8b1c3043a3c9474c923cdb7) Importer(815301076,1909f56bfc062723c751e8b465ee728b)
Start importing Assets/NeoFPS using Guid(08d02cecd8b1c3043a3c9474c923cdb7) Importer(815301076,1909f56bfc062723c751e8b465ee728b)  -> (artifact id: '8f78858f8f27e17cd308e089ba63dd2b') in 0.010735 seconds 
========================================================================
Received Import Request.
  Time since last request: 0.000174 seconds.
  path: Assets/NeoFPS/NeoFPS.asmdef
  artifactKey: Guid(b22cc7aeff6b7b54d90c4dc0aa4396f2) Importer(815301076,1909f56bfc062723c751e8b465ee728b)
Start importing Assets/NeoFPS/NeoFPS.asmdef using Guid(b22cc7aeff6b7b54d90c4dc0aa4396f2) Importer(815301076,1909f56bfc062723c751e8b465ee728b)  -> (artifact id: '305ba5e8f454833b0a6d3415c5591103') in 0.017028 seconds 
========================================================================
Received Import Request.
  Time since last request: 0.000143 seconds.
  path: Assets/NeoFPS/Samples
  artifactKey: Guid(3b393d3e56288a84fbd4c612d0f0733c) Importer(815301076,1909f56bfc062723c751e8b465ee728b)
Start importing Assets/NeoFPS/Samples using Guid(3b393d3e56288a84fbd4c612d0f0733c) Importer(815301076,1909f56bfc062723c751e8b465ee728b)  -> (artifact id: 'e041c3b1a82ba420cb22a179d3f0af4b') in 0.005329 seconds 
========================================================================
Received Import Request.
  Time since last request: 1.552182 seconds.
  path: Assets/NeoFPS/Samples/SinglePlayer
  artifactKey: Guid(c4f8ba99c9e38b749b6b1c43889b91c2) Importer(815301076,1909f56bfc062723c751e8b465ee728b)
Start importing Assets/NeoFPS/Samples/SinglePlayer using Guid(c4f8ba99c9e38b749b6b1c43889b91c2) Importer(815301076,1909f56bfc062723c751e8b465ee728b)  -> (artifact id: '517f426ae74d7e5ec37c2beb882a62fe') in 0.005439 seconds 
========================================================================
Received Import Request.
  Time since last request: 1.085224 seconds.
  path: Assets/NeoFPS/Samples/SinglePlayer/Prefabs
  artifactKey: Guid(632405ab1b39f32428738029b1151cff) Importer(815301076,1909f56bfc062723c751e8b465ee728b)
Start importing Assets/NeoFPS/Samples/SinglePlayer/Prefabs using Guid(632405ab1b39f32428738029b1151cff) Importer(815301076,1909f56bfc062723c751e8b465ee728b)  -> (artifact id: '9e38ac1ff2c34b118332f862e09c8b80') in 0.005457 seconds 
========================================================================
Received Import Request.
  Time since last request: 0.044456 seconds.
  path: Assets/NeoFPS/Samples/SinglePlayer/Prefabs/GameModeMinimal.prefab
  artifactKey: Guid(a83cb5e64bbbb4247b1e7744604b1f94) Importer(815301076,1909f56bfc062723c751e8b465ee728b)
Start importing Assets/NeoFPS/Samples/SinglePlayer/Prefabs/GameModeMinimal.prefab using Guid(a83cb5e64bbbb4247b1e7744604b1f94) Importer(815301076,1909f56bfc062723c751e8b465ee728b)  -> (artifact id: 'b1acd41ae91f0f6829b225e9003f0888') in 0.266984 seconds 
========================================================================
Received Import Request.
  Time since last request: 0.000236 seconds.
  path: Assets/NeoFPS/Samples/SinglePlayer/Prefabs/NeoFpsSoloPlayerCharacter.prefab
  artifactKey: Guid(2345fa8f7cb306c499e81465ce9c1bd8) Importer(815301076,1909f56bfc062723c751e8b465ee728b)
Start importing Assets/NeoFPS/Samples/SinglePlayer/Prefabs/NeoFpsSoloPlayerCharacter.prefab using Guid(2345fa8f7cb306c499e81465ce9c1bd8) Importer(815301076,1909f56bfc062723c751e8b465ee728b)  -> (artifact id: '5463712801a34606a52acc8f98028129') in 0.132383 seconds 
========================================================================
Received Import Request.
  Time since last request: 0.000199 seconds.
  path: Assets/NeoFPS/Samples/SinglePlayer/Prefabs/SimpleSpawnerAndGameMode.prefab
  artifactKey: Guid(0486aeb450a3baf42957763257d19131) Importer(815301076,1909f56bfc062723c751e8b465ee728b)
Start importing Assets/NeoFPS/Samples/SinglePlayer/Prefabs/SimpleSpawnerAndGameMode.prefab using Guid(0486aeb450a3baf42957763257d19131) Importer(815301076,1909f56bfc062723c751e8b465ee728b)  -> (artifact id: '3c85c59b7906300e7aa6a1c300607ae8') in 0.136696 seconds 
========================================================================
Received Import Request.
  Time since last request: 0.000199 seconds.
  path: Assets/NeoFPS/Samples/SinglePlayer/Prefabs/NeoFpsSoloPlayer.prefab
  artifactKey: Guid(3b4baa77285369e46a04c916100b828b) Importer(815301076,1909f56bfc062723c751e8b465ee728b)
Start importing Assets/NeoFPS/Samples/SinglePlayer/Prefabs/NeoFpsSoloPlayer.prefab using Guid(3b4baa77285369e46a04c916100b828b) Importer(815301076,1909f56bfc062723c751e8b465ee728b)  -> (artifact id: '2ad9153332536ff76c82e45dd85f6b9b') in 0.011022 seconds 
========================================================================
Received Import Request.
  Time since last request: 0.000158 seconds.
  path: Assets/NeoFPS/Samples/SinglePlayer/Prefabs/HudAndMenuEventSystem.prefab
  artifactKey: Guid(60229326278de0d498c7215cc5ed903a) Importer(815301076,1909f56bfc062723c751e8b465ee728b)
Start importing Assets/NeoFPS/Samples/SinglePlayer/Prefabs/HudAndMenuEventSystem.prefab using Guid(60229326278de0d498c7215cc5ed903a) Importer(815301076,1909f56bfc062723c751e8b465ee728b)  -> (artifact id: 'b9db2a4d45daf1a8eb1ce1939b6d6d4f') in 0.009792 seconds 
========================================================================
Received Import Request.
  Time since last request: 0.000163 seconds.
  path: Assets/NeoFPS/Samples/SinglePlayer/Prefabs/HudAndMenuCanvas.prefab
  artifactKey: Guid(1fab8c9520621b84896290957c8ca856) Importer(815301076,1909f56bfc062723c751e8b465ee728b)
Start importing Assets/NeoFPS/Samples/SinglePlayer/Prefabs/HudAndMenuCanvas.prefab using Guid(1fab8c9520621b84896290957c8ca856) Importer(815301076,1909f56bfc062723c751e8b465ee728b)  -> (artifact id: '99bb4d4071610250b9ef68ea9f58f465') in 0.125979 seconds 
========================================================================
Received Import Request.
  Time since last request: 0.000226 seconds.
  path: Assets/NeoFPS/Samples/SinglePlayer/Prefabs/PrototypeSpawnerlessCharacter.prefab
  artifactKey: Guid(13027a0fcdf7ebb4ea590983994f42a0) Importer(815301076,1909f56bfc062723c751e8b465ee728b)
Start importing Assets/NeoFPS/Samples/SinglePlayer/Prefabs/PrototypeSpawnerlessCharacter.prefab using Guid(13027a0fcdf7ebb4ea590983994f42a0) Importer(815301076,1909f56bfc062723c751e8b465ee728b)  -> (artifact id: '46790bcab8b112cbd4b560a362e733c9') in 0.138222 seconds 
========================================================================
Received Import Request.
  Time since last request: 0.000199 seconds.
  path: Assets/NeoFPS/Samples/SinglePlayer/Prefabs/InGameMenu.prefab
  artifactKey: Guid(8d6e4bb7546007e41ab4470bb54ce07d) Importer(815301076,1909f56bfc062723c751e8b465ee728b)
Start importing Assets/NeoFPS/Samples/SinglePlayer/Prefabs/InGameMenu.prefab using Guid(8d6e4bb7546007e41ab4470bb54ce07d) Importer(815301076,1909f56bfc062723c751e8b465ee728b)  -> (artifact id: '544fd88b78b6faf6f95d574b95e27d56') in 0.035105 seconds 
========================================================================
Received Import Request.
  Time since last request: 0.000174 seconds.
  path: Assets/NeoFPS/Samples/SinglePlayer/Prefabs/MainMenu.prefab
  artifactKey: Guid(cbfc8c33122205844ab701e7067f3c6e) Importer(815301076,1909f56bfc062723c751e8b465ee728b)
Start importing Assets/NeoFPS/Samples/SinglePlayer/Prefabs/MainMenu.prefab using Guid(cbfc8c33122205844ab701e7067f3c6e) Importer(815301076,1909f56bfc062723c751e8b465ee728b)  -> (artifact id: 'bdce73bd8cce8467a08e2ec226ec6348') in 0.042753 seconds 
========================================================================
Received Import Request.
  Time since last request: 0.479131 seconds.
  path: Assets/NeoFPS/Samples/SinglePlayer/Scenes
  artifactKey: Guid(2c12aba62c8c2994386e897b551bf212) Importer(815301076,1909f56bfc062723c751e8b465ee728b)
Start importing Assets/NeoFPS/Samples/SinglePlayer/Scenes using Guid(2c12aba62c8c2994386e897b551bf212) Importer(815301076,1909f56bfc062723c751e8b465ee728b)  -> (artifact id: '29207afd5821797b77350a578a326d0c') in 0.005197 seconds 
========================================================================
Received Import Request.
  Time since last request: 2.537018 seconds.
  path: Assets/NeoFPS/Samples/SinglePlayer/Scenes/FeatureDemos
  artifactKey: Guid(8d1ded66846230244a82a037d1ea16c8) Importer(815301076,1909f56bfc062723c751e8b465ee728b)
Start importing Assets/NeoFPS/Samples/SinglePlayer/Scenes/FeatureDemos using Guid(8d1ded66846230244a82a037d1ea16c8) Importer(815301076,1909f56bfc062723c751e8b465ee728b)  -> (artifact id: '127d720e6df8e709311d7d83a93b9737') in 0.006818 seconds 
========================================================================
Received Import Request.
  Time since last request: 1.388945 seconds.
  path: Assets/NeoFPS/Samples/SinglePlayer/Scenes/FeatureDemos/FiringRange
  artifactKey: Guid(753a7dd0fa3a11c44bcb71eba097ba8c) Importer(815301076,1909f56bfc062723c751e8b465ee728b)
Start importing Assets/NeoFPS/Samples/SinglePlayer/Scenes/FeatureDemos/FiringRange using Guid(753a7dd0fa3a11c44bcb71eba097ba8c) Importer(815301076,1909f56bfc062723c751e8b465ee728b)  -> (artifact id: '0e989e029ec87202af1af5ea7534bf9d') in 0.006233 seconds 
========================================================================
Received Import Request.
  Time since last request: 0.062409 seconds.
  path: Assets/NeoFPS/Samples/SinglePlayer/Scenes/FeatureDemos/FiringRange/FiringRange_Building.prefab
  artifactKey: Guid(c7965ee385d920f469a606023f5289f2) Importer(815301076,1909f56bfc062723c751e8b465ee728b)
Start importing Assets/NeoFPS/Samples/SinglePlayer/Scenes/FeatureDemos/FiringRange/FiringRange_Building.prefab using Guid(c7965ee385d920f469a606023f5289f2) Importer(815301076,1909f56bfc062723c751e8b465ee728b)  -> (artifact id: '4c21397dcc5b133f8c451e2e8458116b') in 0.545010 seconds 
========================================================================
Received Import Request.
  Time since last request: 0.000167 seconds.
  path: Assets/NeoFPS/Samples/SinglePlayer/Scenes/FeatureDemos/FiringRange/FiringRange_Sliders.prefab
  artifactKey: Guid(90f09e30882c9a2419d343da35db567d) Importer(815301076,1909f56bfc062723c751e8b465ee728b)
Start importing Assets/NeoFPS/Samples/SinglePlayer/Scenes/FeatureDemos/FiringRange/FiringRange_Sliders.prefab using Guid(90f09e30882c9a2419d343da35db567d) Importer(815301076,1909f56bfc062723c751e8b465ee728b)  -> (artifact id: 'f418af6347a4b56b4e82143427219ab4') in 0.127773 seconds 
========================================================================
Received Import Request.
  Time since last request: 0.000170 seconds.
  path: Assets/NeoFPS/Samples/SinglePlayer/Scenes/FeatureDemos/FiringRange/FiringRange_Popups.prefab
  artifactKey: Guid(45e3887a9d8f96e4dbdb7c3e79f250cc) Importer(815301076,1909f56bfc062723c751e8b465ee728b)
Start importing Assets/NeoFPS/Samples/SinglePlayer/Scenes/FeatureDemos/FiringRange/FiringRange_Popups.prefab using Guid(45e3887a9d8f96e4dbdb7c3e79f250cc) Importer(815301076,1909f56bfc062723c751e8b465ee728b)  -> (artifact id: '3393cc2a41a99dd04225141b968a0eac') in 0.024546 seconds 
========================================================================
Received Import Request.
  Time since last request: 0.000152 seconds.
  path: Assets/NeoFPS/Samples/SinglePlayer/Scenes/FeatureDemos/FiringRange/FiringRange_StallFlare.flare
  artifactKey: Guid(665dc7783531acb44894a6eb8df7713f) Importer(815301076,1909f56bfc062723c751e8b465ee728b)
Start importing Assets/NeoFPS/Samples/SinglePlayer/Scenes/FeatureDemos/FiringRange/FiringRange_StallFlare.flare using Guid(665dc7783531acb44894a6eb8df7713f) Importer(815301076,1909f56bfc062723c751e8b465ee728b)  -> (artifact id: '8fb4bfa10116045680cacb692ebbbb98') in 0.006887 seconds 
========================================================================
Received Import Request.
  Time since last request: 0.000142 seconds.
  path: Assets/NeoFPS/Samples/SinglePlayer/Scenes/FeatureDemos/FiringRange/FiringRange_Scene.prefab
  artifactKey: Guid(2908b3a29cb1f3a449ed4bde170e0a1e) Importer(815301076,1909f56bfc062723c751e8b465ee728b)
Start importing Assets/NeoFPS/Samples/SinglePlayer/Scenes/FeatureDemos/FiringRange/FiringRange_Scene.prefab using Guid(2908b3a29cb1f3a449ed4bde170e0a1e) Importer(815301076,1909f56bfc062723c751e8b465ee728b)  -> (artifact id: 'edd71b5d39becf2ebcb5ba1323c92f15') in 0.057315 seconds 
========================================================================
Received Import Request.
  Time since last request: 0.000141 seconds.
  path: Assets/NeoFPS/Samples/SinglePlayer/Scenes/FeatureDemos/FiringRange/FiringRange_Whackamole.prefab
  artifactKey: Guid(0b8748f5d96a6af44ae8739f06b85c3f) Importer(815301076,1909f56bfc062723c751e8b465ee728b)
Start importing Assets/NeoFPS/Samples/SinglePlayer/Scenes/FeatureDemos/FiringRange/FiringRange_Whackamole.prefab using Guid(0b8748f5d96a6af44ae8739f06b85c3f) Importer(815301076,1909f56bfc062723c751e8b465ee728b)  -> (artifact id: '7f1360f08050253dd1d3026110376127') in 0.019546 seconds 
========================================================================
Received Import Request.
  Time since last request: 0.000183 seconds.
  path: Assets/NeoFPS/Samples/SinglePlayer/Scenes/FeatureDemos/FiringRange/FiringRange_HudAndMenuCanvas.prefab
  artifactKey: Guid(5a7e062caa878f54e959d3145212bf4c) Importer(815301076,1909f56bfc062723c751e8b465ee728b)
Start importing Assets/NeoFPS/Samples/SinglePlayer/Scenes/FeatureDemos/FiringRange/FiringRange_HudAndMenuCanvas.prefab using Guid(5a7e062caa878f54e959d3145212bf4c) Importer(815301076,1909f56bfc062723c751e8b465ee728b)  -> (artifact id: '04f82316df39dcaa90b883377c7cf83f') in 0.070756 seconds 
========================================================================
Received Import Request.
  Time since last request: 0.269564 seconds.
  path: Assets/NeoFPS/Samples/SinglePlayer/Scenes/FeatureDemos/FiringRange/FeatureDemo_FiringRange.unity
  artifactKey: Guid(5d0a40e01fae31c4695912e8115d3bd2) Importer(815301076,1909f56bfc062723c751e8b465ee728b)
Start importing Assets/NeoFPS/Samples/SinglePlayer/Scenes/FeatureDemos/FiringRange/FeatureDemo_FiringRange.unity using Guid(5d0a40e01fae31c4695912e8115d3bd2) Importer(815301076,1909f56bfc062723c751e8b465ee728b)  -> (artifact id: '239b8423034d6cbf21ec4ce62b8e23ac') in 0.005666 seconds 
========================================================================
Received Prepare
Registering precompiled user dll's ...
Registered in 0.002696 seconds.
Begin MonoManager ReloadAssembly
Native extension for WindowsStandalone target not found
Native extension for WebGL target not found
Refreshing native plugins compatible for Editor in 0.73 ms, found 2 plugins.
Preloading 0 native plugins for Editor in 0.00 ms.
[ScriptCompilation] NOT recompiling all scripts because this is an import worker process. Reason to compile was: Define symbols changed
Mono: successfully reloaded assembly
- Completed reload, in  2.434 seconds
Domain Reload Profiling:
	ReloadAssembly (2434ms)
		BeginReloadAssembly (97ms)
			ExecutionOrderSort (0ms)
			DisableScriptedObjects (3ms)
			BackupInstance (0ms)
			ReleaseScriptingObjects (0ms)
			CreateAndSetChildDomain (30ms)
		EndReloadAssembly (2285ms)
			LoadAssemblies (76ms)
			RebuildTransferFunctionScriptingTraits (0ms)
			SetupTypeCache (237ms)
			ReleaseScriptCaches (1ms)
			RebuildScriptCaches (31ms)
			SetupLoadedEditorAssemblies (1872ms)
				LogAssemblyErrors (0ms)
				InitializePlatformSupportModulesInManaged (4ms)
				SetLoadedEditorAssemblies (0ms)
				RefreshPlugins (1ms)
				BeforeProcessingInitializeOnLoad (61ms)
				ProcessInitializeOnLoadAttributes (163ms)
				ProcessInitializeOnLoadMethodAttributes (1636ms)
				AfterProcessingInitializeOnLoad (6ms)
				EditorAssembliesLoaded (0ms)
			ExecutionOrderSort2 (0ms)
			AwakeInstancesAfterBackupRestoration (5ms)
Platform modules already initialized, skipping
Refreshing native plugins compatible for Editor in 0.71 ms, found 2 plugins.
Preloading 0 native plugins for Editor in 0.00 ms.
Unloading 4363 Unused Serialized files (Serialized files now loaded: 0)
System memory in use before: 296.3 MB.
System memory in use after: 294.7 MB.

Unloading 41413 unused Assets to reduce memory usage. Loaded Objects now: 29292.
Total: 42.052700 ms (FindLiveObjects: 5.422400 ms CreateObjectMapping: 5.103700 ms MarkObjects: 16.679400 ms  DeleteObjects: 14.846000 ms)

AssetImportParameters requested are different than current active one (requested -> active):
  colorSpace: 1 -> 0
  custom:framework-win-MediaFoundation: 216162199b28c13a410421893ffa2e32 -> 
  custom:video-decoder-ogg-theora: a1e56fd34408186e4bbccfd4996cb3dc -> 
  custom:container-muxer-webm: aa71ff27fc2769a1b78a27578f13a17b -> 
  custom:container-demuxer-webm: 4f35f7cbe854078d1ac9338744f61a02 -> 
  custom:container-demuxer-ogg: 62fdf1f143b41e24485cea50d1cbac27 -> 
  custom:video-encoder-webm-vp8: eb34c28f22e8b96e1ab97ce403110664 -> 
  custom:video-decoder-webm-vp8: 9c59270c3fd7afecdb556c50c9e8de78 -> 
  custom:audio-decoder-ogg-vorbis: bf7c407c2cedff20999df2af8eb42d56 -> 
  custom:audio-encoder-webm-vorbis: bf7c407c2cedff20999df2af8eb42d56 -> 
AssetImportWorkerClient::OnTransportError - code=2 error=End of file
